0 info it worked if it ends with ok
1 verbose cli [ '/usr/local/Cellar/node/6.6.0/bin/node',
1 verbose cli   '/usr/local/bin/npm',
1 verbose cli   'run',
1 verbose cli   'start-app-client' ]
2 info using npm@3.10.3
3 info using node@v6.6.0
4 verbose run-script [ 'prestart-app-client',
4 verbose run-script   'start-app-client',
4 verbose run-script   'poststart-app-client' ]
5 info lifecycle app@0.1.0~prestart-app-client: app@0.1.0
6 silly lifecycle app@0.1.0~prestart-app-client: no script for prestart-app-client, continuing
7 info lifecycle app@0.1.0~start-app-client: app@0.1.0
8 verbose lifecycle app@0.1.0~start-app-client: unsafe-perm in lifecycle true
9 verbose lifecycle app@0.1.0~start-app-client: PATH: /usr/local/lib/node_modules/npm/bin/node-gyp-bin:/Users/patrickscott/dev/patrickleet/ninsaki/app/node_modules/.bin:/usr/local/Cellar/node/6.6.0/bin:/Users/patrickscott/.rbenv/shims:/Library/Frameworks/Python.framework/Versions/3.5/bin:/usr/local/bin:/usr/bin:/bin:/usr/sbin:/sbin
10 verbose lifecycle app@0.1.0~start-app-client: CWD: /Users/patrickscott/dev/patrickleet/ninsaki/app
11 silly lifecycle app@0.1.0~start-app-client: Args: [ '-c',
11 silly lifecycle   'webpack-dev-server -d --hot --inline --config ./webpack/webpack.config.js --port 3020 --colors --display-error-details' ]
12 silly lifecycle app@0.1.0~start-app-client: Returned: code: 1  signal: null
13 info lifecycle app@0.1.0~start-app-client: Failed to exec start-app-client script
14 verbose stack Error: app@0.1.0 start-app-client: `webpack-dev-server -d --hot --inline --config ./webpack/webpack.config.js --port 3020 --colors --display-error-details`
14 verbose stack Exit status 1
14 verbose stack     at EventEmitter.<anonymous> (/usr/local/lib/node_modules/npm/lib/utils/lifecycle.js:242:16)
14 verbose stack     at emitTwo (events.js:106:13)
14 verbose stack     at EventEmitter.emit (events.js:191:7)
14 verbose stack     at ChildProcess.<anonymous> (/usr/local/lib/node_modules/npm/lib/utils/spawn.js:40:14)
14 verbose stack     at emitTwo (events.js:106:13)
14 verbose stack     at ChildProcess.emit (events.js:191:7)
14 verbose stack     at maybeClose (internal/child_process.js:877:16)
14 verbose stack     at Process.ChildProcess._handle.onexit (internal/child_process.js:226:5)
15 verbose pkgid app@0.1.0
16 verbose cwd /Users/patrickscott/dev/patrickleet/ninsaki/app
17 error Darwin 16.1.0
18 error argv "/usr/local/Cellar/node/6.6.0/bin/node" "/usr/local/bin/npm" "run" "start-app-client"
19 error node v6.6.0
20 error npm  v3.10.3
21 error code ELIFECYCLE
22 error app@0.1.0 start-app-client: `webpack-dev-server -d --hot --inline --config ./webpack/webpack.config.js --port 3020 --colors --display-error-details`
22 error Exit status 1
23 error Failed at the app@0.1.0 start-app-client script 'webpack-dev-server -d --hot --inline --config ./webpack/webpack.config.js --port 3020 --colors --display-error-details'.
23 error Make sure you have the latest version of node.js and npm installed.
23 error If you do, this is most likely a problem with the app package,
23 error not with npm itself.
23 error Tell the author that this fails on your system:
23 error     webpack-dev-server -d --hot --inline --config ./webpack/webpack.config.js --port 3020 --colors --display-error-details
23 error You can get information on how to open an issue for this project with:
23 error     npm bugs app
23 error Or if that isn't available, you can get their info via:
23 error     npm owner ls app
23 error There is likely additional logging output above.
24 verbose exit [ 1, true ]
